ERROR - 2024-01-24 05:56:55 --> ErrorException: pg_query(): Query failed: ERROR:  syntax error at or near "("
LINE 5:  price(for normal bus) TEXT NULL,
              ^ in C:\xampp\htdocs\bus_pass_management\system\Database\Postgre\Connection.php:187
Stack trace:
#0 [internal function]: CodeIgniter\Debug\Exceptions->errorHandler(2, 'pg_query(): Que...', 'C:\\xampp\\htdocs...', 187)
#1 C:\xampp\htdocs\bus_pass_management\system\Database\Postgre\Connection.php(187): pg_query(Object(PgSql\Connection), 'CREATE TABLE "f...')
#2 C:\xampp\htdocs\bus_pass_management\system\Database\BaseConnection.php(693): CodeIgniter\Database\Postgre\Connection->execute('CREATE TABLE "f...')
#3 C:\xampp\htdocs\bus_pass_management\system\Database\BaseConnection.php(607): CodeIgniter\Database\BaseConnection->simpleQuery('CREATE TABLE "f...')
#4 C:\xampp\htdocs\bus_pass_management\system\Database\Forge.php(546): CodeIgniter\Database\BaseConnection->query('CREATE TABLE "f...')
#5 C:\xampp\htdocs\bus_pass_management\app\Database\Migrations\2024-01-24-055120_Fare.php(35): CodeIgniter\Database\Forge->createTable('fare')
#6 C:\xampp\htdocs\bus_pass_management\system\Database\MigrationRunner.php(865): App\Database\Migrations\Fare->up()
#7 C:\xampp\htdocs\bus_pass_management\system\Database\MigrationRunner.php(181): CodeIgniter\Database\MigrationRunner->migrate('up', Object(stdClass))
#8 C:\xampp\htdocs\bus_pass_management\system\Commands\Database\Migrate.php(84): CodeIgniter\Database\MigrationRunner->latest(NULL)
#9 C:\xampp\htdocs\bus_pass_management\system\CLI\Commands.php(65): CodeIgniter\Commands\Database\Migrate->run(Array)
#10 C:\xampp\htdocs\bus_pass_management\system\CLI\Console.php(46): CodeIgniter\CLI\Commands->run('migrate', Array)
#11 C:\xampp\htdocs\bus_pass_management\spark(102): CodeIgniter\CLI\Console->run()
#12 {main}
CRITICAL - 2024-01-24 06:01:18 --> ErrorException: Undefined array key "price"
in APPPATH\views\fare.php on line 128.
 1 APPPATH\views\fare.php(128): CodeIgniter\Debug\Exceptions->errorHandler(2, 'Undefined array key "price"', 'C:\\xampp\\htdocs\\bus_pass_management\\app\\views\\fare.php', 128)
 2 SYSTEMPATH\View\View.php(228): include('C:\\xampp\\htdocs\\bus_pass_management\\app\\views\\fare.php')
 3 SYSTEMPATH\View\View.php(231): CodeIgniter\View\View->CodeIgniter\View\{closure}()
 4 SYSTEMPATH\Common.php(1178): CodeIgniter\View\View->render('fare', [], true)
 5 APPPATH\Controllers\BookingController.php(54): view('fare', [...])
 6 SYSTEMPATH\CodeIgniter.php(941): App\Controllers\BookingController->fare()
 7 SYSTEMPATH\CodeIgniter.php(502): CodeIgniter\CodeIgniter->runController(Object(App\Controllers\BookingController))
 8 SYSTEMPATH\CodeIgniter.php(361): CodeIgniter\CodeIgniter->handleRequest(null, Object(Config\Cache), false)
 9 FCPATH\index.php(79): CodeIgniter\CodeIgniter->run()
10 SYSTEMPATH\Commands\Server\rewrite.php(47): require_once('C:\\xampp\\htdocs\\bus_pass_management\\public\\index.php')
